<?xml version="1.0" encoding="UTF-8"?>
<!-- Generated by org.testng.reporters.JUnitXMLReporter -->
<testsuite hostname="DESKTOP-EA5FGKH" name="Default test" tests="3" failures="0" timestamp="22 Nov 2019 04:47:36 GMT" time="52.581" errors="0">
  <testcase name="TestMultipleThreads" time="17.744" classname="reports.DemoReports"/>
  <testcase name="TestMultipleThreads" time="18.395" classname="reports.DemoReports"/>
  <testcase name="TestMultipleThreads" time="16.174" classname="reports.DemoReports"/>
</testsuite> <!-- Default test -->
