<?xml version="1.0" encoding="UTF-8"?>
<testng-results skipped="0" failed="0" total="3" passed="3">
  <reporter-output>
  </reporter-output>
  <suite name="Default suite" duration-ms="52581" started-at="2019-11-22T04:46:44Z" finished-at="2019-11-22T04:47:36Z">
    <groups>
    </groups>
    <test name="Default test" duration-ms="52581" started-at="2019-11-22T04:46:44Z" finished-at="2019-11-22T04:47:36Z">
      <class name="reports.DemoReports">
        <test-method status="PASS" signature="TestMultipleThreads()[pri:0, instance:reports.DemoReports@1d7acb34]" name="TestMultipleThreads" duration-ms="17744" started-at="2019-11-22T10:16:44Z" finished-at="2019-11-22T10:17:02Z">
          <reporter-output>
          </reporter-output>
        </test-method> <!-- TestMultipleThreads -->
        <test-method status="PASS" signature="TestMultipleThreads()[pri:0, instance:reports.DemoReports@1d7acb34]" name="TestMultipleThreads" duration-ms="18395" started-at="2019-11-22T10:17:02Z" finished-at="2019-11-22T10:17:20Z">
          <reporter-output>
          </reporter-output>
        </test-method> <!-- TestMultipleThreads -->
        <test-method status="PASS" signature="TestMultipleThreads()[pri:0, instance:reports.DemoReports@1d7acb34]" name="TestMultipleThreads" duration-ms="16174" started-at="2019-11-22T10:17:20Z" finished-at="2019-11-22T10:17:36Z">
          <reporter-output>
          </reporter-output>
        </test-method> <!-- TestMultipleThreads -->
      </class> <!-- reports.DemoReports -->
    </test> <!-- Default test -->
  </suite> <!-- Default suite -->
</testng-results>
